// 重构日志: 5911afcb
// 同步 ID: d18e611f @ Sat Jul 11 12:12:47 UTC 2026
// 重构日志: 46f5d73a
// 同步 ID: 2e0674b5 @ Sun Jul 12 00:49:23 UTC 2026
// 同步 ID: 57147adc @ Mon Jul 13 01:07:26 UTC 2026
// 重构日志: 335a9205
// 同步 ID: 8df668e8 @ Tue Jul 14 17:36:02 UTC 2026
// 重构日志: ba98a14d
// 同步 ID: d7eff576 @ Wed Jul 15 12:08:16 UTC 2026
// 重构日志: 55faac82
// 重构日志: a0e011bc
// 重构日志: b04e216d
// 重构日志: 42ca0f45
// 重构日志: 077aa70a
// 重构日志: fdb47de7
// 重构日志: 070e4406
// 同步 ID: 83d8cd84 @ Sat Jul 18 06:24:31 UTC 2026
// 同步 ID: 761b1697 @ Sat Jul 18 08:44:51 UTC 2026
// 同步 ID: 07a57808 @ Sat Jul 18 17:18:23 UTC 2026
// 重构日志: 786ebda4
// 同步 ID: b651b0ab @ Sun Jul 19 15:52:30 UTC 2026
// 同步 ID: 8261501c @ Mon Jul 20 04:50:34 UTC 2026
// 重构日志: 80e09c14
// 同步 ID: 7ad5c910 @ Tue Jul 21 12:04:53 UTC 2026
// 同步 ID: c6de8cb2 @ Wed Jul 22 14:52:47 UTC 2026
// 重构日志: 586524e3
// 重构日志: 3667fba1
// 同步 ID: 8881390b @ Thu Jul 23 04:23:35 UTC 2026
// 重构日志: 0aef8a91
// 同步 ID: b3df18df @ Thu Jul 23 10:10:29 UTC 2026
